[2022-04-18T17:30:17.998] [DEBUG] cheese - login => username:admin,password:123456
[2022-04-18T17:30:18.002] [DEBUG] cheese - admin
[2022-04-18T17:30:18.014] [DEBUG] cheese - null
[2022-04-18T17:30:18.015] [DEBUG] cheese - null
[2022-04-18T17:47:44.729] [DEBUG] cheese - login => username:admin,password:123456
[2022-04-18T17:47:44.730] [DEBUG] cheese - admin
[2022-04-18T17:47:44.742] [DEBUG] cheese - null
[2022-04-18T17:47:44.742] [DEBUG] cheese - null
[2022-04-18T17:48:21.481] [DEBUG] cheese - login => username:admin,password:123456
[2022-04-18T17:48:21.481] [DEBUG] cheese - admin
[2022-04-18T17:48:21.483] [DEBUG] cheese - null
[2022-04-18T17:48:21.484] [DEBUG] cheese - null
[2022-04-18T17:48:53.125] [DEBUG] cheese - login => username:admin,password:123456
[2022-04-18T17:48:53.125] [DEBUG] cheese - admin
[2022-04-18T17:48:53.127] [DEBUG] cheese - null
[2022-04-18T17:48:53.128] [DEBUG] cheese - null
[2022-04-19T00:15:51.902] [DEBUG] cheese - login => username:admin,password:123456
[2022-04-19T00:15:51.904] [DEBUG] cheese - admin
[2022-04-19T00:15:51.914] [DEBUG] cheese - login => username:admin,password:123456
[2022-04-19T00:15:51.914] [DEBUG] cheese - admin
[2022-04-19T00:15:51.929] [DEBUG] cheese - null
[2022-04-19T00:15:51.930] [DEBUG] cheese - null
[2022-04-19T00:15:52.045] [DEBUG] cheese - null
[2022-04-19T00:15:52.045] [DEBUG] cheese - null
[2022-04-19T00:16:02.370] [DEBUG] cheese - login => username:admin,password:123456
[2022-04-19T00:16:02.370] [DEBUG] cheese - admin
[2022-04-19T00:16:02.372] [DEBUG] cheese - null
[2022-04-19T00:16:02.372] [DEBUG] cheese - null
[2022-04-19T00:16:02.477] [DEBUG] cheese - login => username:admin,password:123456
[2022-04-19T00:16:02.477] [DEBUG] cheese - admin
[2022-04-19T00:16:02.483] [DEBUG] cheese - null
[2022-04-19T00:16:02.483] [DEBUG] cheese - null
[2022-04-19T00:16:57.703] [DEBUG] cheese - login => username:admin,password:123456
[2022-04-19T00:16:57.703] [DEBUG] cheese - admin
[2022-04-19T00:16:57.705] [DEBUG] cheese - null
[2022-04-19T00:16:57.705] [DEBUG] cheese - null
[2022-04-19T00:16:57.801] [DEBUG] cheese - login => username:admin,password:123456
[2022-04-19T00:16:57.801] [DEBUG] cheese - admin
[2022-04-19T00:16:57.804] [DEBUG] cheese - null
[2022-04-19T00:16:57.805] [DEBUG] cheese - null
[2022-04-19T00:17:08.028] [DEBUG] cheese - login => username:admin,password:123456
[2022-04-19T00:17:08.029] [DEBUG] cheese - admin
[2022-04-19T00:17:08.031] [DEBUG] cheese - null
[2022-04-19T00:17:08.031] [DEBUG] cheese - null
[2022-04-19T00:17:08.128] [DEBUG] cheese - login => username:admin,password:123456
[2022-04-19T00:17:08.128] [DEBUG] cheese - admin
[2022-04-19T00:17:08.130] [DEBUG] cheese - null
[2022-04-19T00:17:08.130] [DEBUG] cheese - null
[2022-04-19T00:17:30.379] [DEBUG] cheese - login => username:admin,password:123456
[2022-04-19T00:17:30.379] [DEBUG] cheese - admin
[2022-04-19T00:17:30.382] [DEBUG] cheese - null
[2022-04-19T00:17:30.382] [DEBUG] cheese - null
[2022-04-19T00:17:30.479] [DEBUG] cheese - login => username:admin,password:123456
[2022-04-19T00:17:30.479] [DEBUG] cheese - admin
[2022-04-19T00:17:30.482] [DEBUG] cheese - null
[2022-04-19T00:17:30.482] [DEBUG] cheese - null
[2022-04-19T00:18:39.001] [DEBUG] cheese - login => username:admin,password:123456
[2022-04-19T00:18:39.002] [DEBUG] cheese - admin
[2022-04-19T00:18:39.023] [DEBUG] cheese - login => username:admin,password:123456
[2022-04-19T00:18:39.023] [DEBUG] cheese - admin
[2022-04-19T00:18:39.038] [DEBUG] cheese - null
[2022-04-19T00:18:39.038] [DEBUG] cheese - null
[2022-04-19T00:18:39.136] [DEBUG] cheese - null
[2022-04-19T00:18:39.137] [DEBUG] cheese - null
[2022-04-19T00:22:13.564] [DEBUG] cheese - login => username:admin,password:123456
[2022-04-19T00:22:13.564] [DEBUG] cheese - admin
[2022-04-19T00:22:13.566] [DEBUG] cheese - null
[2022-04-19T00:22:13.566] [DEBUG] cheese - null
[2022-04-19T00:22:13.658] [DEBUG] cheese - login => username:admin,password:123456
[2022-04-19T00:22:13.658] [DEBUG] cheese - admin
[2022-04-19T00:22:13.662] [DEBUG] cheese - null
[2022-04-19T00:22:13.662] [DEBUG] cheese - null
[2022-04-19T13:40:43.165] [DEBUG] cheese - login => username:admin,password:123456
[2022-04-19T13:40:43.166] [DEBUG] cheese - admin
[2022-04-19T13:40:43.172] [DEBUG] cheese - login => username:admin,password:123456
[2022-04-19T13:40:43.172] [DEBUG] cheese - admin
[2022-04-19T13:40:43.184] [DEBUG] cheese - null
[2022-04-19T13:40:43.184] [DEBUG] cheese - null
[2022-04-19T13:40:43.296] [DEBUG] cheese - null
[2022-04-19T13:40:43.296] [DEBUG] cheese - null
[2022-04-19T13:41:02.230] [DEBUG] cheese - login => username:admin,password:123456
[2022-04-19T13:41:02.230] [DEBUG] cheese - admin
[2022-04-19T13:41:02.236] [DEBUG] cheese - login => username:admin,password:123456
[2022-04-19T13:41:02.236] [DEBUG] cheese - admin
[2022-04-19T13:41:02.239] [DEBUG] cheese - null
[2022-04-19T13:41:02.239] [DEBUG] cheese - null
[2022-04-19T13:41:02.343] [DEBUG] cheese - null
[2022-04-19T13:41:02.344] [DEBUG] cheese - null
[2022-04-19T13:42:27.704] [DEBUG] cheese - login => username:admin,password:123456
[2022-04-19T13:42:27.704] [DEBUG] cheese - admin
[2022-04-19T13:42:27.708] [DEBUG] cheese - null
[2022-04-19T13:42:27.708] [DEBUG] cheese - null
[2022-04-19T13:42:33.515] [DEBUG] cheese - login => username:admin,password:123456
[2022-04-19T13:42:33.515] [DEBUG] cheese - admin
[2022-04-19T13:42:33.518] [DEBUG] cheese - null
[2022-04-19T13:42:33.518] [DEBUG] cheese - null
[2022-04-19T13:42:45.570] [DEBUG] cheese - login => username:admin123,password:123456
[2022-04-19T13:42:45.570] [DEBUG] cheese - admin123
[2022-04-19T13:42:45.572] [DEBUG] cheese - null
[2022-04-19T13:42:45.572] [DEBUG] cheese - null
[2022-04-19T13:49:57.877] [DEBUG] cheese - login => username:admin123,password:123456
[2022-04-19T13:49:57.878] [DEBUG] cheese - admin123
[2022-04-19T13:49:57.880] [DEBUG] cheese - null
[2022-04-19T13:49:57.880] [DEBUG] cheese - null
[2022-04-19T13:49:59.002] [DEBUG] cheese - login => username:admin,password:123456
[2022-04-19T13:49:59.002] [DEBUG] cheese - admin
[2022-04-19T13:49:59.005] [DEBUG] cheese - null
[2022-04-19T13:49:59.005] [DEBUG] cheese - null
[2022-04-19T13:50:01.980] [DEBUG] cheese - login => username:admin,password:123456
[2022-04-19T13:50:01.981] [DEBUG] cheese - admin
[2022-04-19T13:50:01.986] [DEBUG] cheese - null
[2022-04-19T13:50:01.986] [DEBUG] cheese - null
[2022-04-19T13:51:36.738] [DEBUG] cheese - login => username:admin,password:123456
[2022-04-19T13:51:36.739] [DEBUG] cheese - admin
[2022-04-19T13:51:36.741] [DEBUG] cheese - null
[2022-04-19T13:51:36.741] [DEBUG] cheese - null
[2022-04-19T13:52:30.376] [DEBUG] cheese - login => username:admin,password:123456
[2022-04-19T13:52:30.376] [DEBUG] cheese - admin
[2022-04-19T13:52:30.378] [DEBUG] cheese - null
[2022-04-19T13:52:30.378] [DEBUG] cheese - null
[2022-04-19T13:53:02.931] [DEBUG] cheese - login => username:admin,password:123456
[2022-04-19T13:53:02.931] [DEBUG] cheese - admin
[2022-04-19T13:53:02.932] [DEBUG] cheese - null
[2022-04-19T13:53:02.932] [DEBUG] cheese - null
[2022-04-19T13:54:31.405] [DEBUG] cheese - login => username:admin,password:123456
[2022-04-19T13:54:31.405] [DEBUG] cheese - admin
[2022-04-19T13:54:31.407] [DEBUG] cheese - null
[2022-04-19T13:54:31.407] [DEBUG] cheese - null
[2022-04-19T14:26:54.050] [DEBUG] cheese - login => username:admin,password:123456
[2022-04-19T14:26:54.050] [DEBUG] cheese - admin
[2022-04-19T14:26:54.054] [DEBUG] cheese - null
[2022-04-19T14:26:54.054] [DEBUG] cheese - null
[2022-04-19T14:27:12.138] [DEBUG] cheese - login => username:admin,password:123456
[2022-04-19T14:27:12.138] [DEBUG] cheese - admin
[2022-04-19T14:27:12.157] [DEBUG] cheese - null
[2022-04-19T14:27:12.158] [DEBUG] cheese - null
[2022-04-19T14:27:24.402] [DEBUG] cheese - login => username:admin,password:123456
[2022-04-19T14:27:24.402] [DEBUG] cheese - admin
[2022-04-19T14:27:24.405] [DEBUG] cheese - null
[2022-04-19T14:27:24.405] [DEBUG] cheese - null
[2022-04-19T15:00:18.281] [DEBUG] cheese - login => username:admin,password:123456
[2022-04-19T15:00:18.281] [DEBUG] cheese - admin
[2022-04-19T15:00:18.284] [DEBUG] cheese - null
[2022-04-19T15:00:18.284] [DEBUG] cheese - null
[2022-04-19T15:58:43.069] [DEBUG] cheese - login => username:admin,password:123456
[2022-04-19T15:58:43.070] [DEBUG] cheese - admin
[2022-04-19T15:58:43.076] [DEBUG] cheese - null
[2022-04-19T15:58:43.076] [DEBUG] cheese - null
[2022-04-19T16:06:15.184] [DEBUG] cheese - login => username:admin,password:123456
[2022-04-19T16:06:15.184] [DEBUG] cheese - admin
[2022-04-19T16:06:15.190] [DEBUG] cheese - null
[2022-04-19T16:06:15.190] [DEBUG] cheese - null
[2022-04-19T16:06:18.237] [DEBUG] cheese - login => username:admin,password:123456
[2022-04-19T16:06:18.237] [DEBUG] cheese - admin
[2022-04-19T16:06:18.241] [DEBUG] cheese - null
[2022-04-19T16:06:18.241] [DEBUG] cheese - null
[2022-04-19T17:02:50.082] [DEBUG] cheese - login => username:admin,password:123456
[2022-04-19T17:02:50.083] [DEBUG] cheese - admin
[2022-04-19T17:02:50.090] [DEBUG] cheese - null
[2022-04-19T17:02:50.090] [DEBUG] cheese - null
[2022-04-19T19:25:49.060] [DEBUG] cheese - login => username:admin,password:123456
[2022-04-19T19:25:49.061] [DEBUG] cheese - admin
[2022-04-19T19:25:49.068] [DEBUG] cheese - null
[2022-04-19T19:25:49.068] [DEBUG] cheese - null
[2022-04-19T19:25:53.421] [DEBUG] cheese - login => username:admin,password:123456
[2022-04-19T19:25:53.421] [DEBUG] cheese - admin
[2022-04-19T19:25:53.423] [DEBUG] cheese - null
[2022-04-19T19:25:53.423] [DEBUG] cheese - null
[2022-04-19T19:25:58.334] [DEBUG] cheese - login => username:admin,password:123456
[2022-04-19T19:25:58.334] [DEBUG] cheese - admin
[2022-04-19T19:25:58.338] [DEBUG] cheese - null
[2022-04-19T19:25:58.338] [DEBUG] cheese - null
[2022-04-19T19:47:32.135] [DEBUG] cheese - login => username:admin,password:123456
[2022-04-19T19:47:32.135] [DEBUG] cheese - admin
[2022-04-19T19:47:32.137] [DEBUG] cheese - null
[2022-04-19T19:47:32.138] [DEBUG] cheese - null
[2022-04-19T19:48:16.493] [DEBUG] cheese - login => username:admin,password:123456
[2022-04-19T19:48:16.493] [DEBUG] cheese - admin
[2022-04-19T19:48:16.496] [DEBUG] cheese - null
[2022-04-19T19:48:16.496] [DEBUG] cheese - null
[2022-04-19T19:48:19.424] [DEBUG] cheese - login => username:admin,password:123456
[2022-04-19T19:48:19.424] [DEBUG] cheese - admin
[2022-04-19T19:48:19.427] [DEBUG] cheese - null
[2022-04-19T19:48:19.428] [DEBUG] cheese - null
[2022-04-19T20:03:40.588] [DEBUG] cheese - login => username:admin,password:123456
[2022-04-19T20:03:40.588] [DEBUG] cheese - admin
[2022-04-19T20:03:40.592] [DEBUG] cheese - null
[2022-04-19T20:03:40.593] [DEBUG] cheese - null
[2022-04-19T20:12:20.093] [DEBUG] cheese - login => username:admin,password:123456
[2022-04-19T20:12:20.093] [DEBUG] cheese - admin
[2022-04-19T20:12:20.096] [DEBUG] cheese - null
[2022-04-19T20:12:20.096] [DEBUG] cheese - null
[2022-04-19T20:12:33.754] [DEBUG] cheese - login => username:admin,password:123456
[2022-04-19T20:12:33.755] [DEBUG] cheese - admin
[2022-04-19T20:12:33.756] [DEBUG] cheese - null
[2022-04-19T20:12:33.756] [DEBUG] cheese - null
[2022-04-19T20:13:10.509] [DEBUG] cheese - login => username:admin,password:123456
[2022-04-19T20:13:10.509] [DEBUG] cheese - admin
[2022-04-19T20:13:10.511] [DEBUG] cheese - null
[2022-04-19T20:13:10.511] [DEBUG] cheese - null
[2022-04-19T20:13:38.234] [DEBUG] cheese - login => username:admin,password:123456
[2022-04-19T20:13:38.234] [DEBUG] cheese - admin
[2022-04-19T20:13:38.236] [DEBUG] cheese - null
[2022-04-19T20:13:38.236] [DEBUG] cheese - null
[2022-04-19T20:13:52.563] [DEBUG] cheese - login => username:admin,password:123456
[2022-04-19T20:13:52.563] [DEBUG] cheese - admin
[2022-04-19T20:13:52.565] [DEBUG] cheese - null
[2022-04-19T20:13:52.565] [DEBUG] cheese - null
[2022-04-19T20:15:31.261] [DEBUG] cheese - login => username:admin,password:123456
[2022-04-19T20:15:31.261] [DEBUG] cheese - admin
[2022-04-19T20:15:31.263] [DEBUG] cheese - null
[2022-04-19T20:15:31.263] [DEBUG] cheese - null
[2022-04-20T22:14:39.490] [DEBUG] cheese - login => username:admin,password:123456
[2022-04-20T22:14:39.495] [DEBUG] cheese - admin
[2022-04-20T22:14:39.505] [DEBUG] cheese - null
[2022-04-20T22:14:39.506] [DEBUG] cheese - null
[2022-04-20T22:14:53.862] [DEBUG] cheese - login => username:admin,password:123456
[2022-04-20T22:14:53.863] [DEBUG] cheese - admin
[2022-04-20T22:14:53.877] [DEBUG] cheese - null
[2022-04-20T22:14:53.877] [DEBUG] cheese - null
[2022-04-21T09:43:27.643] [DEBUG] cheese - login => username:admin,password:123456
[2022-04-21T09:43:27.644] [DEBUG] cheese - admin
[2022-04-21T09:43:27.657] [DEBUG] cheese - null
[2022-04-21T09:43:27.658] [DEBUG] cheese - null
[2022-04-21T16:37:16.907] [DEBUG] cheese - null
[2022-04-21T16:42:42.415] [DEBUG] cheese - null
[2022-04-21T16:42:58.175] [DEBUG] cheese - null
[2022-04-21T16:48:07.880] [DEBUG] cheese - null
[2022-04-21T16:49:45.704] [DEBUG] cheese - null
[2022-04-21T16:50:56.625] [DEBUG] cheese - null
[2022-04-21T16:51:01.353] [DEBUG] cheese - null
[2022-04-21T16:53:34.719] [DEBUG] cheese - null
[2022-04-21T16:56:29.416] [DEBUG] cheese - null
[2022-04-21T16:59:33.194] [DEBUG] cheese - null
[2022-04-21T19:39:51.127] [DEBUG] cheese - login => username:admin,password:123456
[2022-04-21T19:39:51.128] [DEBUG] cheese - admin
[2022-04-21T19:39:51.142] [DEBUG] cheese - null
[2022-04-21T19:39:51.143] [DEBUG] cheese - null
[2022-04-21T19:39:56.076] [DEBUG] cheese - login => username:admin,password:123456
[2022-04-21T19:39:56.076] [DEBUG] cheese - admin
[2022-04-21T19:39:56.081] [DEBUG] cheese - null
[2022-04-21T19:39:56.081] [DEBUG] cheese - null
[2022-04-21T19:39:56.935] [DEBUG] cheese - login => username:admin,password:123456
[2022-04-21T19:39:56.935] [DEBUG] cheese - admin
[2022-04-21T19:39:56.938] [DEBUG] cheese - null
[2022-04-21T19:39:56.938] [DEBUG] cheese - null
[2022-04-21T19:39:57.344] [DEBUG] cheese - login => username:admin,password:123456
[2022-04-21T19:39:57.344] [DEBUG] cheese - admin
[2022-04-21T19:39:57.347] [DEBUG] cheese - null
[2022-04-21T19:39:57.347] [DEBUG] cheese - null
[2022-04-21T19:39:57.508] [DEBUG] cheese - login => username:admin,password:123456
[2022-04-21T19:39:57.508] [DEBUG] cheese - admin
[2022-04-21T19:39:57.510] [DEBUG] cheese - null
[2022-04-21T19:39:57.510] [DEBUG] cheese - null
[2022-04-21T19:39:57.820] [DEBUG] cheese - login => username:admin,password:123456
[2022-04-21T19:39:57.820] [DEBUG] cheese - admin
[2022-04-21T19:39:57.824] [DEBUG] cheese - null
[2022-04-21T19:39:57.824] [DEBUG] cheese - null
[2022-04-21T19:39:57.980] [DEBUG] cheese - login => username:admin,password:123456
[2022-04-21T19:39:57.980] [DEBUG] cheese - admin
[2022-04-21T19:39:57.983] [DEBUG] cheese - null
[2022-04-21T19:39:57.983] [DEBUG] cheese - null
[2022-04-21T19:40:03.228] [DEBUG] cheese - login => username:admin,password:123456
[2022-04-21T19:40:03.228] [DEBUG] cheese - admin
[2022-04-21T19:40:03.230] [DEBUG] cheese - null
[2022-04-21T19:40:03.230] [DEBUG] cheese - null
[2022-04-21T20:49:05.495] [DEBUG] cheese - login => username:admin,password:123456
[2022-04-21T20:49:05.496] [DEBUG] cheese - admin
[2022-04-21T20:49:05.498] [DEBUG] cheese - null
[2022-04-21T20:49:05.499] [DEBUG] cheese - null
[2022-04-21T20:50:16.343] [DEBUG] cheese - login => username:admin,password:123456
[2022-04-21T20:50:16.343] [DEBUG] cheese - admin
[2022-04-21T20:50:16.346] [DEBUG] cheese - null
[2022-04-21T20:50:16.346] [DEBUG] cheese - null
[2022-04-21T20:57:10.270] [DEBUG] cheese - login => username:admin,password:123456\
[2022-04-21T20:57:10.270] [DEBUG] cheese - admin
[2022-04-21T20:57:10.273] [DEBUG] cheese - null
[2022-04-21T20:57:10.273] [DEBUG] cheese - null
[2022-04-21T20:57:13.348] [DEBUG] cheese - login => username:admin,password:123456
[2022-04-21T20:57:13.348] [DEBUG] cheese - admin
[2022-04-21T20:57:13.351] [DEBUG] cheese - null
[2022-04-21T20:57:13.351] [DEBUG] cheese - null
[2022-04-21T21:03:18.145] [DEBUG] cheese - null
[2022-04-21T21:22:45.924] [DEBUG] cheese - null
[2022-04-21T21:22:49.038] [DEBUG] cheese - null
[2022-04-21T21:22:51.549] [DEBUG] cheese - null
[2022-04-22T18:59:24.676] [DEBUG] cheese - login => username:admin,password:123456
[2022-04-22T18:59:24.677] [DEBUG] cheese - admin
[2022-04-22T18:59:24.698] [DEBUG] cheese - null
[2022-04-22T18:59:24.699] [DEBUG] cheese - null
[2022-04-23T11:58:17.886] [DEBUG] cheese - login => username:admin,password:123456
[2022-04-23T11:58:17.887] [DEBUG] cheese - admin
[2022-04-23T11:58:17.904] [DEBUG] cheese - null
[2022-04-23T11:58:17.905] [DEBUG] cheese - null
[2022-04-23T17:46:32.664] [DEBUG] cheese - login => username:admin,password:123456
[2022-04-23T17:46:32.665] [DEBUG] cheese - admin
[2022-04-23T17:46:32.681] [DEBUG] cheese - null
[2022-04-23T17:46:32.682] [DEBUG] cheese - null
[2022-04-24T14:44:07.973] [DEBUG] cheese - login => username:admin,password:123456
[2022-04-24T14:44:07.975] [DEBUG] cheese - admin
[2022-04-24T14:44:07.981] [DEBUG] cheese - null
[2022-04-24T14:44:07.982] [DEBUG] cheese - null
[2022-04-24T17:34:00.385] [DEBUG] cheese - login => username:admin,password:123456
[2022-04-24T17:34:00.388] [DEBUG] cheese - admin
[2022-04-24T17:34:00.391] [DEBUG] cheese - null
[2022-04-24T17:34:00.392] [DEBUG] cheese - null
[2022-04-25T13:29:22.670] [DEBUG] cheese - login => username:admin,password:123456
[2022-04-25T13:29:22.672] [DEBUG] cheese - admin
[2022-04-25T13:29:22.689] [DEBUG] cheese - null
[2022-04-25T13:29:22.690] [DEBUG] cheese - null
[2022-04-26T11:48:54.115] [DEBUG] cheese - login => username:admin,password:123456
[2022-04-26T11:48:54.116] [DEBUG] cheese - admin
[2022-04-26T11:48:54.133] [DEBUG] cheese - null
[2022-04-26T11:48:54.134] [DEBUG] cheese - null
[2022-04-26T21:12:11.067] [DEBUG] cheese - null
[2022-04-26T21:12:24.321] [DEBUG] cheese - null
[2022-04-26T21:13:15.943] [DEBUG] cheese - null
[2022-04-26T21:20:57.021] [DEBUG] cheese - login => username:admin,password:123456
[2022-04-26T21:20:57.021] [DEBUG] cheese - admin
[2022-04-26T21:20:57.024] [DEBUG] cheese - null
[2022-04-26T21:20:57.024] [DEBUG] cheese - null
[2022-04-27T13:35:49.371] [DEBUG] cheese - login => username:admin,password:123456
[2022-04-27T13:35:49.373] [DEBUG] cheese - admin
[2022-04-27T13:35:49.391] [DEBUG] cheese - null
[2022-04-27T13:35:49.391] [DEBUG] cheese - null
[2022-04-27T18:55:16.410] [DEBUG] cheese - login => username:admin,password:123456
[2022-04-27T18:55:16.413] [DEBUG] cheese - admin
[2022-04-27T18:55:16.417] [DEBUG] cheese - null
[2022-04-27T18:55:16.418] [DEBUG] cheese - null
[2022-04-27T18:57:11.794] [DEBUG] cheese - login => username:admin,password:123456
[2022-04-27T18:57:11.796] [DEBUG] cheese - admin
[2022-04-27T18:57:11.799] [DEBUG] cheese - null
[2022-04-27T18:57:11.799] [DEBUG] cheese - null
